  Curve.cpp
A:\Documents\GitHub\CS4392_Animation\Assignment4\Curve.cpp(37,2): warning C4305: 'argument': truncation from 'double' to 'const T'
A:\Documents\GitHub\CS4392_Animation\Assignment4\Curve.cpp(37,2): warning C4305:         with
A:\Documents\GitHub\CS4392_Animation\Assignment4\Curve.cpp(37,2): warning C4305:         [
A:\Documents\GitHub\CS4392_Animation\Assignment4\Curve.cpp(37,2): warning C4305:             T=float
A:\Documents\GitHub\CS4392_Animation\Assignment4\Curve.cpp(37,2): warning C4305:         ]
A:\Documents\GitHub\CS4392_Animation\Assignment4\Curve.cpp(71,32): warning C4267: '=': conversion from 'size_t' to 'int', possible loss of data
A:\Documents\GitHub\CS4392_Animation\Assignment4\Curve.cpp(114,9): warning C4244: '=': conversion from 'double' to 'float', possible loss of data
A:\Documents\GitHub\CS4392_Animation\Assignment4\Curve.cpp(165,60): warning C4267: 'initializing': conversion from 'size_t' to 'int', possible loss of data
A:\Documents\GitHub\CS4392_Animation\Assignment4\Curve.cpp(189,2): warning C4267: 'argument': conversion from 'size_t' to 'int', possible loss of data
A:\Documents\GitHub\CS4392_Animation\Assignment4\Curve.cpp(191,26): warning C4267: '=': conversion from 'size_t' to 'int', possible loss of data
A:\Documents\GitHub\CS4392_Animation\Assignment4\Curve.cpp(208,38): warning C4267: '=': conversion from 'size_t' to 'int', possible loss of data
A:\Documents\GitHub\CS4392_Animation\Assignment4\Curve.cpp(341,15): warning C4101: 'z': unreferenced local variable
A:\Documents\GitHub\CS4392_Animation\Assignment4\Curve.cpp(341,12): warning C4101: 'y': unreferenced local variable
A:\Documents\GitHub\CS4392_Animation\Assignment4\Curve.cpp(341,9): warning C4101: 'x': unreferenced local variable
A:\Documents\GitHub\CS4392_Animation\Assignment4\Curve.cpp(341,18): warning C4101: 'w': unreferenced local variable
LINK : warning LNK4098: defaultlib 'LIBCMT' conflicts with use of other libs; use /NODEFAULTLIB:library
  Generating code
  3 of 1666 functions ( 0.2%) were compiled, the rest were copied from previous compilation.
    0 functions were new in current compilation
    2 functions had inline decision re-evaluated but remain unchanged
  Finished generating code
glew32s.lib(glew.obj) : warning LNK4099: PDB 'vc120.pdb' was not found with 'glew32s.lib(glew.obj)' or at 'A:\Documents\GitHub\CS4392_Animation\Assignment4\x64\Release\vc120.pdb'; linking object as if no debug info
  opengl_assignment4.vcxproj -> A:\Documents\GitHub\CS4392_Animation\Assignment4\x64\Release\opengl_assignment4.exe
